[2025-03-07T17:06:29.737278+01:00] app_workshop.WARNING: Record not found [] []
[2025-03-07T17:07:16.352404+01:00] app_workshop.ERROR: Error getting the record: GD PHP extension must be installed to use this driver. [] []
[2025-03-07T17:15:31.097988+01:00] app_workshop.ERROR: Error getting the record: GD PHP extension must be installed to use this driver. [] []
[2025-03-07T17:15:48.737608+01:00] app_workshop.ERROR: Error getting the record: GD PHP extension must be installed to use this driver. [] []
[2025-03-07T17:16:40.168962+01:00] app_workshop.INFO: Record found successfully [] []
[2025-03-07T17:17:24.923849+01:00] app_workshop.ERROR: Error getting the record: GD PHP extension must be installed to use this driver. [] []
[2025-03-07T17:17:49.465103+01:00] app_workshop.INFO: Record found successfully [] []
[2025-03-07T17:18:54.087037+01:00] app_workshop.INFO: Record found successfully [] []
[2025-03-07T17:19:28.024058+01:00] app_workshop.INFO: Record found successfully [] []
[2025-03-07T17:20:43.748943+01:00] app_workshop.INFO: Record found successfully [] []
[2025-03-07T17:22:07.740391+01:00] app_workshop.INFO: Record found successfully [] []
[2025-03-07T17:22:12.198759+01:00] app_workshop.INFO: Record found successfully [] []
[2025-03-07T17:22:21.100590+01:00] app_workshop.INFO: Record found successfully [] []
[2025-03-07T17:26:36.975134+01:00] app_workshop.INFO: Record found successfully [] []
[2025-03-07T17:27:53.094414+01:00] app_workshop.INFO: Record found successfully [] []
[2025-03-07T17:40:22.778770+01:00] app_workshop.INFO: Record found successfully [] []
[2025-03-07T17:46:51.596599+01:00] app_workshop.ERROR: Error inserting the record: GD PHP extension must be installed to use this driver. [] []
[2025-03-07T17:50:50.272675+01:00] app_workshop.INFO: Record found successfully [] []
[2025-03-07T17:51:14.856665+01:00] app_workshop.ERROR: Error inserting the record: GD PHP extension must be installed to use this driver. [] []
[2025-03-07T17:51:50.173832+01:00] app_workshop.WARNING: Error getting the record: GD PHP extension must be installed to use this driver. [] []
[2025-03-07T17:51:57.617682+01:00] app_workshop.WARNING: Error getting the record: GD PHP extension must be installed to use this driver. [] []
[2025-03-07T17:51:58.600142+01:00] app_workshop.WARNING: Record not found for ID:  [] []
[2025-03-07T17:51:58.847549+01:00] app_workshop.WARNING: Record not found for ID:  [] []
[2025-03-07T17:52:04.810030+01:00] app_workshop.WARNING: Error getting the record: GD PHP extension must be installed to use this driver. [] []
[2025-03-07T17:56:11.925830+01:00] app_workshop.WARNING: Error getting the record: GD PHP extension must be installed to use this driver. [] []
[2025-03-07T17:56:22.150581+01:00] app_workshop.WARNING: Error getting the record: GD PHP extension must be installed to use this driver. [] []
[2025-03-07T17:56:28.841631+01:00] app_workshop.INFO: Record found successfully [] []
[2025-03-07T17:58:58.702498+01:00] app_workshop.WARNING: Error getting the record: GD PHP extension must be installed to use this driver. [] []
[2025-03-07T17:59:01.522648+01:00] app_workshop.WARNING: Record not found for ID:  [] []
[2025-03-07T17:59:03.775043+01:00] app_workshop.WARNING: Error getting the record: GD PHP extension must be installed to use this driver. [] []
[2025-03-07T17:59:05.647624+01:00] app_workshop.WARNING: Error getting the record: GD PHP extension must be installed to use this driver. [] []
[2025-03-07T17:59:06.122126+01:00] app_workshop.WARNING: Record not found for ID:  [] []
[2025-03-07T17:59:06.480432+01:00] app_workshop.WARNING: Record not found for ID:  [] []
[2025-03-07T17:59:06.647742+01:00] app_workshop.WARNING: Record not found for ID:  [] []
[2025-03-07T17:59:06.818715+01:00] app_workshop.WARNING: Record not found for ID:  [] []
[2025-03-07T17:59:17.095020+01:00] app_workshop.INFO: Record found successfully [] []
[2025-03-07T17:59:35.825402+01:00] app_workshop.ERROR: Error inserting the record: GD PHP extension must be installed to use this driver. [] []
[2025-03-07T18:00:58.624620+01:00] app_workshop.INFO: Record found successfully [] []
[2025-03-07T18:15:52.688930+01:00] app_workshop.WARNING: Error getting the record: GD PHP extension must be installed to use this driver. [] []
[2025-03-07T18:15:53.969454+01:00] app_workshop.WARNING: Record not found for ID:  [] []
[2025-03-07T18:16:20.005389+01:00] app_workshop.INFO: Record found successfully [] []
[2025-03-07T18:19:01.823860+01:00] app_workshop.INFO: Record found successfully [] []
[2025-03-07T18:19:23.913436+01:00] app_workshop.INFO: Record found successfully [] []
[2025-03-07T18:19:36.187364+01:00] app_workshop.ERROR: Error inserting the record: Column 'photoVehicle' cannot be null [] []
[2025-03-07T18:25:56.722629+01:00] app_workshop.ERROR: Error inserting the record: Column 'photoVehicle' cannot be null [] []
[2025-03-07T18:28:01.164740+01:00] app_workshop.ERROR: Error inserting the record: Column 'photoVehicle' cannot be null [] []
[2025-03-07T18:28:12.815460+01:00] app_workshop.ERROR: Error inserting the record: Column 'photoVehicle' cannot be null [] []
[2025-03-07T18:28:23.718800+01:00] app_workshop.ERROR: Error inserting the record: Column 'photoVehicle' cannot be null [] []
[2025-03-07T18:28:33.822155+01:00] app_workshop.ERROR: Error inserting the record: Column 'photoVehicle' cannot be null [] []
[2025-03-07T18:31:38.646707+01:00] app_workshop.ERROR: Error inserting the record: Column 'photoVehicle' cannot be null [] []
[2025-03-07T18:31:48.039845+01:00] app_workshop.INFO: Record found successfully [] []
[2025-03-07T18:31:59.460244+01:00] app_workshop.INFO: Record found successfully [] []
[2025-03-07T18:32:38.777462+01:00] app_workshop.ERROR: Error inserting the record: Column 'photoVehicle' cannot be null [] []
[2025-03-07T18:37:02.664323+01:00] app_workshop.INFO: Record found successfully [] []
[2025-03-07T18:37:11.122911+01:00] app_workshop.INFO: Record found successfully [] []
[2025-03-07T18:37:28.930331+01:00] app_workshop.ERROR: Error inserting the record: Column 'photoVehicle' cannot be null [] []
